#
# A fatal error has been detected by the Java Runtime Environment:
#
#  SIGSEGV (0xb) at pc=0x00007f5c380aab90, pid=8158, tid=0x00007f5c54a2f700
#
# JRE version: Java(TM) SE Runtime Environment (8.0_92-b14) (build 1.8.0_92-b14)
# Java VM: Java HotSpot(TM) 64-Bit Server VM (25.92-b14 mixed mode linux-amd64 compressed oops)
# Problematic frame:
# C  0x00007f5c380aab90
#
# Failed to write core dump. Core dumps have been disabled. To enable core dumping, try "ulimit -c unlimited" before starting Java again
#
# If you would like to submit a bug report, please visit:
#   http://bugreport.java.com/bugreport/crash.jsp
#

---------------  T H R E A D  ---------------

Current thread is native thread

siginfo: si_signo: 11 (SIGSEGV), si_code: 2 (SEGV_ACCERR), si_addr: 0x00007f5c380aab90

Registers:
RAX=0x0000000000000000, RBX=0x0000000000000000, RCX=0x00007f5c380aab90, RDX=0x0000000000000000
RSP=0x00007f5c54a2ce78, RBP=0x00007f5c54a2cf20, RSI=0x0000000000000071, RDI=0x000000000000000f
R8 =0x00007f5c30034970, R9 =0x00007f5c54a2ca00, R10=0x0000000000000002, R11=0x00007f5c54a2c650
R12=0x0000000000000000, R13=0x00007f5c82b38faf, R14=0x00007f5c54a2ed30, R15=0x00007f5c54a2ed28
RIP=0x00007f5c380aab90, EFLAGS=0x0000000000010202, CSGSFS=0x002b000000000033, ERR=0x0000000000000015
  TRAPNO=0x000000000000000e

Top of Stack: (sp=0x00007f5c54a2ce78)
0x00007f5c54a2ce78:   00007f5c810326cd 00007f5c380aad30
0x00007f5c54a2ce88:   00007f5c380aab90 00000071380aad30
0x00007f5c54a2ce98:   0000000000000000 0000000000000001
0x00007f5c54a2cea8:   00007f5c54a2d2a0 00007f5c380aaa50
0x00007f5c54a2ceb8:   0000000000000071 0000000000000071
0x00007f5c54a2cec8:   00007f5c816332a2 0000000000000001
0x00007f5c54a2ced8:   000000000000000a 00007f5c30034970
0x00007f5c54a2cee8:   000000000000003c 0000000000000039
0x00007f5c54a2cef8:   00007f5c3809fb10 0000007100000000
0x00007f5c54a2cf08:   0000000000000071 00007f5c54a2ed30
0x00007f5c54a2cf18:   00007f5c54a2ed28 00007f5c54a2d570
0x00007f5c54a2cf28:   00007f5c811542b4 000000000000004d
0x00007f5c54a2cf38:   00007f5c380aace0 0000000000000041
0x00007f5c54a2cf48:   0000000000000041 00007f5c380aad30
0x00007f5c54a2cf58:   000000000000004d 000000000000004d
0x00007f5c54a2cf68:   00007f5c380aad30 000000000000004d
0x00007f5c54a2cf78:   0000000000000041 00007f5c380aace0
0x00007f5c54a2cf88:   000000076ec9bfa0 000000076ec9bf18
0x00007f5c54a2cf98:   0000000000000000 00007f5c888037e0
0x00007f5c54a2cfa8:   0000000000000000 00007f5c82b39c48
0x00007f5c54a2cfb8:   00007f5c82b39cc0 00007f5c82b39d20
0x00007f5c54a2cfc8:   00007f5c89190fac 000000076ec9bda8
0x00007f5c54a2cfd8:   0000000000000000 00007f5c82b39e10
0x00007f5c54a2cfe8:   00007f5c82b39e08 00007f5c82b39e0c
0x00007f5c54a2cff8:   0000000000000000 00007f5c380a3940
0x00007f5c54a2d008:   0000000000000016 0000000000000002
0x00007f5c54a2d018:   380ab21000000001 00007f5c380aace0
0x00007f5c54a2d028:   0000000000000041 0000000000000041
0x00007f5c54a2d038:   00007f5c380aad30 00007f5c380aace0
0x00007f5c54a2d048:   0000000000000041 00007f5c54a2dcf0
0x00007f5c54a2d058:   00007f5c825b7270 380ab21082b39bf8
0x00007f5c54a2d068:   00007f5c380aaa50 000000076ec9bfa0 

Instructions: (pc=0x00007f5c380aab90)
0x00007f5c380aab70:   42 39 61 50 77 45 6c 32 57 59 32 6b 3d 00 65 72
0x00007f5c380aab80:   6c 65 64 67 65 72 2f 69 45 00 00 00 00 00 00 00
0x00007f5c380aab90:   59 46 4b 59 79 55 65 70 31 30 48 49 55 36 56 68
0x00007f5c380aaba0:   50 4a 35 6c 6b 68 6a 50 6a 4e 61 6b 4b 35 6b 42 

Register to memory mapping:

RAX=0x0000000000000000 is an unknown value
RBX=0x0000000000000000 is an unknown value
RCX=0x00007f5c380aab90 is an unknown value
RDX=0x0000000000000000 is an unknown value
RSP=0x00007f5c54a2ce78 is an unknown value
RBP=0x00007f5c54a2cf20 is an unknown value
RSI=0x0000000000000071 is an unknown value
RDI=0x000000000000000f is an unknown value
R8 =0x00007f5c30034970 is an unknown value
R9 =0x00007f5c54a2ca00 is an unknown value
R10=0x0000000000000002 is an unknown value
R11=0x00007f5c54a2c650 is an unknown value
R12=0x0000000000000000 is an unknown value
R13=0x00007f5c82b38faf is pointing into the stack for thread: 0x00007f5c98370000
R14=0x00007f5c54a2ed30 is an unknown value
R15=0x00007f5c54a2ed28 is an unknown value


Stack: [0x00007f5c5482f000,0x00007f5c54a30000],  sp=0x00007f5c54a2ce78,  free space=2039k
Native frames: (J=compiled Java code, j=interpreted, Vv=VM code, C=native code)
C  0x00007f5c380aab90
C  [libindy.so+0x3da2b4]  indy::commands::org.hyperledger.indy.sdk.blob_storage::BlobStorageCommandExecutor::execute::h13f2ac17551816cf+0x7a4
C  [libindy.so+0x6f744d]  indy::commands::CommandExecutor::new::_$u7b$$u7b$closure$u7d$$u7d$::h02dbda50373fe4b3+0x120d
C  [libindy.so+0x276193]  std::sys_common::backtrace::__rust_begin_short_backtrace::h9e3a33c6d37aef92+0x23
C  [libindy.so+0x307c17]  std::thread::Builder::spawn::_$u7b$$u7b$closure$u7d$$u7d$::_$u7b$$u7b$closure$u7d$$u7d$::h1b13e307b48bb18e+0x27
C  [libindy.so+0x259223]  _$LT$std..panic..AssertUnwindSafe$LT$F$GT$$u20$as$u20$core..ops..function..FnOnce$LT$$LP$$RP$$GT$$GT$::call_once::hb3232b996edae555+0x23
C  [libindy.so+0x8fa07d]  std::panicking::try::do_call::hf0ef414f9df2f3a9+0x4d
C  [libindy.so+0x12058af]  __rust_maybe_catch_panic+0x1f
C  [libindy.so+0x8f9f16]  std::panicking::try::h19e5bfd86f26cabf+0x66
C  [libindy.so+0x276a7a]  std::panic::catch_unwind::h86cb36836b43f6e1+0x2a
C  [libindy.so+0x30774e]  std::thread::Builder::spawn::_$u7b$$u7b$closure$u7d$$u7d$::hb7f2c447e6970eac+0xfe
C  [libindy.so+0x30c9d8]  _$LT$F$u20$as$u20$alloc..boxed..FnBox$LT$A$GT$$GT$::call_box::h82d00c5aeecc87cf+0x28
C  [libindy.so+0x11f90dc]  std::sys::imp::thread::Thread::new::thread_start::h379d0fc65e150416+0x8c


---------------  P R O C E S S  ---------------

VM state:not at safepoint (normal execution)

VM Mutex/Monitor currently owned by a thread: None

Heap:
 PSYoungGen      total 74752K, used 41307K [0x000000076cd80000, 0x0000000772080000, 0x00000007c0000000)
  eden space 64512K, 64% used [0x000000076cd80000,0x000000076f5d6c80,0x0000000770c80000)
  from space 10240K, 0% used [0x0000000771680000,0x0000000771680000,0x0000000772080000)
  to   space 10240K, 0% used [0x0000000770c80000,0x0000000770c80000,0x0000000771680000)
 ParOldGen       total 171008K, used 0K [0x00000006c6800000, 0x00000006d0f00000, 0x000000076cd80000)
  object space 171008K, 0% used [0x00000006c6800000,0x00000006c6800000,0x00000006d0f00000)
 Metaspace       used 7422K, capacity 7630K, committed 7936K, reserved 1056768K
  class space    used 865K, capacity 963K, committed 1024K, reserved 1048576K

Card table byte_map: [0x00007f5c9d56a000,0x00007f5c9dd37000] byte_map_base: 0x00007f5c99f36000

Marking Bits: (ParMarkBitMap*) 0x00007f5ca065a4c0
 Begin Bits: [0x00007f5c6c340000, 0x00007f5c701a0000)
 End Bits:   [0x00007f5c701a0000, 0x00007f5c74000000)

Polling page: 0x00007f5ca127c000

CodeCache: size=245760Kb used=2448Kb max_used=2451Kb free=243311Kb
 bounds [0x00007f5c89000000, 0x00007f5c89270000, 0x00007f5c98000000]
 total_blobs=904 nmethods=558 adapters=260
 compilation: enabled

Compilation events (10 events):
Event: 20.559 Thread 0x00007f5c981a7800 nmethod 553 0x00007f5c892615d0 code [0x00007f5c89261760, 0x00007f5c89261b48]
Event: 20.869 Thread 0x00007f5c981a5000  554       4       java.util.Arrays::copyOf (19 bytes)
Event: 20.870 Thread 0x00007f5c981a5000 nmethod 554 0x00007f5c89261190 code [0x00007f5c892612e0, 0x00007f5c892614b8]
Event: 20.870 Thread 0x00007f5c981a7800  555   !   3       org.json.JSONTokener::next (144 bytes)
Event: 20.871 Thread 0x00007f5c981a7800 nmethod 555 0x00007f5c89260950 code [0x00007f5c89260ae0, 0x00007f5c89261018]
Event: 20.871 Thread 0x00007f5c981a7800  556   !   3       java.io.StringReader::read (52 bytes)
Event: 20.871 Thread 0x00007f5c981a7800 nmethod 556 0x00007f5c89265390 code [0x00007f5c89265560, 0x00007f5c89265c78]
Event: 20.871 Thread 0x00007f5c981a7800  557       3       java.io.StringReader::ensureOpen (18 bytes)
Event: 20.871 Thread 0x00007f5c981a7800 nmethod 557 0x00007f5c89260410 code [0x00007f5c89260580, 0x00007f5c892607c8]
Event: 20.872 Thread 0x00007f5c981a7800  558       3       java.lang.Class$MethodArray::addIfNotPresent (47 bytes)

GC Heap History (0 events):
No events

Deoptimization events (1 events):
Event: 0.282 Thread 0x00007f5c98370000 Uncommon trap: reason=unstable_if action=reinterpret pc=0x00007f5c89167d48 method=java.lang.String.indexOf([CII[CIII)I @ 3

Internal exceptions (9 events):
Event: 0.027 Thread 0x00007f5c9800c000 Exception <a 'java/lang/NoSuchMethodError': Method sun.misc.Unsafe.defineClass(Ljava/lang/String;[BII)Ljava/lang/Class; name or signature does not match> (0x000000076cd87cc0) thrown at [/HUDSON/workspace/8-2-build-linux-amd64/jdk8u92/6642/hotspot/src/shar
Event: 0.027 Thread 0x00007f5c9800c000 Exception <a 'java/lang/NoSuchMethodError': Method sun.misc.Unsafe.prefetchRead(Ljava/lang/Object;J)V name or signature does not match> (0x000000076cd87fa8) thrown at [/HUDSON/workspace/8-2-build-linux-amd64/jdk8u92/6642/hotspot/src/share/vm/prims/jni.cpp
Event: 0.127 Thread 0x00007f5c9800c000 Exception <a 'java/io/FileNotFoundException'> (0x000000076d19f428) thrown at [/HUDSON/workspace/8-2-build-linux-amd64/jdk8u92/6642/hotspot/src/share/vm/prims/jni.cpp, line 709]
Event: 0.135 Thread 0x00007f5c9800c000 Exception <a 'java/security/PrivilegedActionException'> (0x000000076d1e7760) thrown at [/HUDSON/workspace/8-2-build-linux-amd64/jdk8u92/6642/hotspot/src/share/vm/prims/jvm.cpp, line 1386]
Event: 0.135 Thread 0x00007f5c9800c000 Exception <a 'java/security/PrivilegedActionException'> (0x000000076d1e7970) thrown at [/HUDSON/workspace/8-2-build-linux-amd64/jdk8u92/6642/hotspot/src/share/vm/prims/jvm.cpp, line 1386]
Event: 0.135 Thread 0x00007f5c9800c000 Exception <a 'java/security/PrivilegedActionException'> (0x000000076d1e9ed0) thrown at [/HUDSON/workspace/8-2-build-linux-amd64/jdk8u92/6642/hotspot/src/share/vm/prims/jvm.cpp, line 1386]
Event: 0.135 Thread 0x00007f5c9800c000 Exception <a 'java/security/PrivilegedActionException'> (0x000000076d1ea0e0) thrown at [/HUDSON/workspace/8-2-build-linux-amd64/jdk8u92/6642/hotspot/src/share/vm/prims/jvm.cpp, line 1386]
Event: 0.338 Thread 0x00007f5c98370000 Exception <a 'java/lang/NoSuchFieldError': method resolution failed> (0x000000076db10b60) thrown at [/HUDSON/workspace/8-2-build-linux-amd64/jdk8u92/6642/hotspot/src/share/vm/prims/methodHandles.cpp, line 1146]
Event: 0.339 Thread 0x00007f5c98370000 Exception <a 'java/lang/NoSuchFieldError': method resolution failed> (0x000000076db1eaf0) thrown at [/HUDSON/workspace/8-2-build-linux-amd64/jdk8u92/6642/hotspot/src/share/vm/prims/methodHandles.cpp, line 1146]

Events (10 events):
Event: 20.869 loading class org/json/JSONPointerException
Event: 20.869 loading class org/json/JSONPointerException done
Event: 20.869 loading class org/json/JSONObject$Null
Event: 20.869 loading class org/json/JSONObject$Null done
Event: 20.870 loading class org/json/JSONTokener
Event: 20.870 loading class org/json/JSONTokener done
Event: 20.871 loading class org.hyperledger.indy.sdk.blob_storage/BlobStorage
Event: 20.871 loading class org.hyperledger.indy.sdk.blob_storage/BlobStorage done
Event: 20.871 loading class org.hyperledger.indy.sdk.blob_storage/BlobStorage$1
Event: 20.871 loading class org.hyperledger.indy.sdk.blob_storage/BlobStorage$1 done


Dynamic libraries:
00400000-00401000 r-xp 00000000 08:05 6826799                            /usr/lib/jvm/jdk-8-oracle-x64/bin/java
00600000-00601000 rw-p 00000000 08:05 6826799                            /usr/lib/jvm/jdk-8-oracle-x64/bin/java
00ae9000-00b0a000 rw-p 00000000 00:00 0                                  [heap]
6c6800000-6d0f00000 rw-p 00000000 00:00 0 
6d0f00000-76cd80000 ---p 00000000 00:00 0 
76cd80000-772080000 rw-p 00000000 00:00 0 
772080000-7c0000000 ---p 00000000 00:00 0 
7c0000000-7c0100000 rw-p 00000000 00:00 0 
7c0100000-800000000 ---p 00000000 00:00 0 
7f5c24000000-7f5c24021000 rw-p 00000000 00:00 0 
7f5c24021000-7f5c28000000 ---p 00000000 00:00 0 
7f5c28000000-7f5c28021000 rw-p 00000000 00:00 0 
7f5c28021000-7f5c2c000000 ---p 00000000 00:00 0 
7f5c2c000000-7f5c2c034000 rw-p 00000000 00:00 0 
7f5c2c034000-7f5c30000000 ---p 00000000 00:00 0 
7f5c30000000-7f5c30075000 rw-p 00000000 00:00 0 
7f5c30075000-7f5c34000000 ---p 00000000 00:00 0 
7f5c35ede000-7f5c365fc000 rw-p 00000000 00:00 0 
7f5c365fc000-7f5c365fd000 ---p 00000000 00:00 0 
7f5c365fd000-7f5c36dfd000 rw-p 00000000 00:00 0 
7f5c36dfd000-7f5c36dfe000 ---p 00000000 00:00 0 
7f5c36dfe000-7f5c375fe000 rw-p 00000000 00:00 0 
7f5c375fe000-7f5c375ff000 ---p 00000000 00:00 0 
7f5c375ff000-7f5c377ff000 rw-p 00000000 00:00 0 
7f5c377ff000-7f5c37800000 ---p 00000000 00:00 0 
7f5c37800000-7f5c38000000 rw-p 00000000 00:00 0 
7f5c38000000-7f5c3810e000 rw-p 00000000 00:00 0 
7f5c3810e000-7f5c3c000000 ---p 00000000 00:00 0 
7f5c3c000000-7f5c3c021000 rw-p 00000000 00:00 0 
7f5c3c021000-7f5c40000000 ---p 00000000 00:00 0 
7f5c40000000-7f5c40021000 rw-p 00000000 00:00 0 
7f5c40021000-7f5c44000000 ---p 00000000 00:00 0 
7f5c44000000-7f5c44021000 rw-p 00000000 00:00 0 
7f5c44021000-7f5c48000000 ---p 00000000 00:00 0 
7f5c48000000-7f5c481f0000 rw-p 00000000 00:00 0 
7f5c481f0000-7f5c4c000000 ---p 00000000 00:00 0 
7f5c4c000000-7f5c4c204000 rw-p 00000000 00:00 0 
7f5c4c204000-7f5c50000000 ---p 00000000 00:00 0 
7f5c50000000-7f5c501cd000 rw-p 00000000 00:00 0 
7f5c501cd000-7f5c54000000 ---p 00000000 00:00 0 
7f5c5402e000-7f5c5402f000 ---p 00000000 00:00 0 
7f5c5402f000-7f5c5482f000 rw-p 00000000 00:00 0 
7f5c5482f000-7f5c54832000 ---p 00000000 00:00 0 
7f5c54832000-7f5c54a30000 rw-p 00000000 00:00 0 
7f5c54a30000-7f5c54ba2000 r-xp 00000000 08:05 6340638                    /usr/lib/x86_64-linux-gnu/libstdc++.so.6.0.22
7f5c54ba2000-7f5c54da2000 ---p 00172000 08:05 6340638                    /usr/lib/x86_64-linux-gnu/libstdc++.so.6.0.22
7f5c54da2000-7f5c54dac000 r--p 00172000 08:05 6340638                    /usr/lib/x86_64-linux-gnu/libstdc++.so.6.0.22
7f5c54dac000-7f5c54dae000 rw-p 0017c000 08:05 6340638                    /usr/lib/x86_64-linux-gnu/libstdc++.so.6.0.22
7f5c54dae000-7f5c54db2000 rw-p 00000000 00:00 0 
7f5c54db2000-7f5c54dfa000 r-xp 00000000 08:05 6292654                    /usr/lib/x86_64-linux-gnu/libpgm-5.2.so.0.0.122
7f5c54dfa000-7f5c54ff9000 ---p 00048000 08:05 6292654                    /usr/lib/x86_64-linux-gnu/libpgm-5.2.so.0.0.122
7f5c54ff9000-7f5c54ffa000 r--p 00047000 08:05 6292654                    /usr/lib/x86_64-linux-gnu/libpgm-5.2.so.0.0.122
7f5c54ffa000-7f5c54ffb000 rw-p 00048000 08:05 6292654                    /usr/lib/x86_64-linux-gnu/libpgm-5.2.so.0.0.122
7f5c54ffb000-7f5c54fff000 rw-p 00000000 00:00 0 
7f5c54fff000-7f5c58000000 rw-p 00000000 00:00 0 
7f5c58000000-7f5c58021000 rw-p 00000000 00:00 0 
7f5c58021000-7f5c5c000000 ---p 00000000 00:00 0 
7f5c5c000000-7f5c5c023000 rw-p 00000000 00:00 0 
7f5c5c023000-7f5c60000000 ---p 00000000 00:00 0 
7f5c60000000-7f5c60021000 rw-p 00000000 00:00 0 
7f5c60021000-7f5c64000000 ---p 00000000 00:00 0 
7f5c64000000-7f5c64021000 rw-p 00000000 00:00 0 
7f5c64021000-7f5c68000000 ---p 00000000 00:00 0 
7f5c68000000-7f5c68021000 rw-p 00000000 00:00 0 
7f5c68021000-7f5c6c000000 ---p 00000000 00:00 0 
7f5c6c129000-7f5c6c13f000 r-xp 00000000 08:05 3408608                    /lib/x86_64-linux-gnu/libgcc_s.so.1
7f5c6c13f000-7f5c6c33e000 ---p 00016000 08:05 3408608                    /lib/x86_64-linux-gnu/libgcc_s.so.1
7f5c6c33e000-7f5c6c33f000 r--p 00015000 08:05 3408608                    /lib/x86_64-linux-gnu/libgcc_s.so.1
7f5c6c33f000-7f5c6c340000 rw-p 00016000 08:05 3408608                    /lib/x86_64-linux-gnu/libgcc_s.so.1
7f5c6c340000-7f5c74000000 rw-p 00000000 00:00 0 
7f5c74000000-7f5c74021000 rw-p 00000000 00:00 0 
7f5c74021000-7f5c78000000 ---p 00000000 00:00 0 
7f5c78000000-7f5c78021000 rw-p 00000000 00:00 0 
7f5c78021000-7f5c7c000000 ---p 00000000 00:00 0 
7f5c7c000000-7f5c7c021000 rw-p 00000000 00:00 0 
7f5c7c021000-7f5c80000000 ---p 00000000 00:00 0 
7f5c801bd000-7f5c80242000 r-xp 00000000 08:05 6294651                    /usr/lib/x86_64-linux-gnu/libzmq.so.5.1.1
7f5c80242000-7f5c80441000 ---p 00085000 08:05 6294651                    /usr/lib/x86_64-linux-gnu/libzmq.so.5.1.1
7f5c80441000-7f5c80446000 r--p 00084000 08:05 6294651                    /usr/lib/x86_64-linux-gnu/libzmq.so.5.1.1
7f5c80446000-7f5c80447000 rw-p 00089000 08:05 6294651                    /usr/lib/x86_64-linux-gnu/libzmq.so.5.1.1
7f5c80447000-7f5c8067c000 r-xp 00000000 08:05 6292666                    /usr/lib/x86_64-linux-gnu/libcrypto.so.1.0.2
7f5c8067c000-7f5c8087c000 ---p 00235000 08:05 6292666                    /usr/lib/x86_64-linux-gnu/libcrypto.so.1.0.2
7f5c8087c000-7f5c80898000 r--p 00235000 08:05 6292666                    /usr/lib/x86_64-linux-gnu/libcrypto.so.1.0.2
7f5c80898000-7f5c808a7000 rw-p 00251000 08:05 6292666                    /usr/lib/x86_64-linux-gnu/libcrypto.so.1.0.2
7f5c808a7000-7f5c808ab000 rw-p 00000000 00:00 0 
7f5c808ab000-7f5c8090a000 r-xp 00000000 08:05 6304315                    /usr/lib/x86_64-linux-gnu/libssl.so.1.0.2
7f5c8090a000-7f5c80b0a000 ---p 0005f000 08:05 6304315                    /usr/lib/x86_64-linux-gnu/libssl.so.1.0.2
7f5c80b0a000-7f5c80b0e000 r--p 0005f000 08:05 6304315                    /usr/lib/x86_64-linux-gnu/libssl.so.1.0.2
7f5c80b0e000-7f5c80b14000 rw-p 00063000 08:05 6304315                    /usr/lib/x86_64-linux-gnu/libssl.so.1.0.2
7f5c80b14000-7f5c80b78000 r-xp 00000000 08:05 6298256                    /usr/lib/x86_64-linux-gnu/libsodium.so.18.1.1
7f5c80b78000-7f5c80d78000 ---p 00064000 08:05 6298256                    /usr/lib/x86_64-linux-gnu/libsodium.so.18.1.1
7f5c80d78000-7f5c80d79000 r--p 00064000 08:05 6298256                    /usr/lib/x86_64-linux-gnu/libsodium.so.18.1.1
7f5c80d79000-7f5c80d7a000 rw-p 00065000 08:05 6298256                    /usr/lib/x86_64-linux-gnu/libsodium.so.18.1.1
7f5c80d7a000-7f5c823b4000 r-xp 00000000 08:06 3696585                    /home/sminaev/projects/sovrin/sovrin-client-rust/libindy/target/debug/libindy.so
7f5c823b4000-7f5c825b4000 ---p 0163a000 08:06 3696585                    /home/sminaev/projects/sovrin/sovrin-client-rust/libindy/target/debug/libindy.so
7f5c825b4000-7f5c8260f000 r--p 0163a000 08:06 3696585                    /home/sminaev/projects/sovrin/sovrin-client-rust/libindy/target/debug/libindy.so
7f5c8260f000-7f5c82612000 rw-p 01695000 08:06 3696585                    /home/sminaev/projects/sovrin/sovrin-client-rust/libindy/target/debug/libindy.so
7f5c82612000-7f5c8262a000 r-xp 00000000 08:05 4719083                    /tmp/jna--2090338445/jna5470352333494168071.tmp (deleted)
7f5c8262a000-7f5c82829000 ---p 00018000 08:05 4719083                    /tmp/jna--2090338445/jna5470352333494168071.tmp (deleted)
7f5c82829000-7f5c8282b000 rw-p 00017000 08:05 4719083                    /tmp/jna--2090338445/jna5470352333494168071.tmp (deleted)
7f5c8282b000-7f5c8283c000 r-xp 00000000 08:05 6953302                    /usr/lib/jvm/jdk-8-oracle-x64/jre/lib/amd64/libnio.so
7f5c8283c000-7f5c82a3b000 ---p 00011000 08:05 6953302                    /usr/lib/jvm/jdk-8-oracle-x64/jre/lib/amd64/libnio.so
7f5c82a3b000-7f5c82a3c000 rw-p 00010000 08:05 6953302                    /usr/lib/jvm/jdk-8-oracle-x64/jre/lib/amd64/libnio.so
7f5c82a3c000-7f5c82a3f000 ---p 00000000 00:00 0 
7f5c82a3f000-7f5c82b3d000 rw-p 00000000 00:00 0 
7f5c82b3d000-7f5c82b3e000 ---p 00000000 00:00 0 
7f5c82b3e000-7f5c82c3e000 rw-p 00000000 00:00 0 
7f5c82c3e000-7f5c82c41000 ---p 00000000 00:00 0 
7f5c82c41000-7f5c82d3f000 rw-p 00000000 00:00 0 
7f5c82d3f000-7f5c82d42000 ---p 00000000 00:00 0 
7f5c82d42000-7f5c82e40000 rw-p 00000000 00:00 0 
7f5c82e40000-7f5c82e43000 ---p 00000000 00:00 0 
7f5c82e43000-7f5c82f41000 rw-p 00000000 00:00 0 
7f5c82f41000-7f5c82f57000 r-xp 00000000 08:05 6953567                    /usr/lib/jvm/jdk-8-oracle-x64/jre/lib/amd64/libnet.so
7f5c82f57000-7f5c83157000 ---p 00016000 08:05 6953567                    /usr/lib/jvm/jdk-8-oracle-x64/jre/lib/amd64/libnet.so
7f5c83157000-7f5c83158000 rw-p 00016000 08:05 6953567                    /usr/lib/jvm/jdk-8-oracle-x64/jre/lib/amd64/libnet.so
7f5c83158000-7f5c8315b000 ---p 00000000 00:00 0 
7f5c8315b000-7f5c83259000 rw-p 00000000 00:00 0 
7f5c83259000-7f5c8325c000 ---p 00000000 00:00 0 
7f5c8325c000-7f5c8335a000 rw-p 00000000 00:00 0 
7f5c8335a000-7f5c8335d000 ---p 00000000 00:00 0 
7f5c8335d000-7f5c8345b000 rw-p 00000000 00:00 0 
7f5c8345b000-7f5c835f6000 r--p 00000000 08:05 6291521                    /usr/lib/locale/locale-archive
7f5c835f6000-7f5c835f9000 ---p 00000000 00:00 0 
7f5c835f9000-7f5c836f7000 rw-p 00000000 00:00 0 
7f5c836f7000-7f5c836fa000 ---p 00000000 00:00 0 
7f5c836fa000-7f5c837f8000 rw-p 00000000 00:00 0 
7f5c837f8000-7f5c837f9000 ---p 00000000 00:00 0 
7f5c837f9000-7f5c84000000 rw-p 00000000 00:00 0 
7f5c84000000-7f5c84021000 rw-p 00000000 00:00 0 
7f5c84021000-7f5c88000000 ---p 00000000 00:00 0 
7f5c8801e000-7f5c880c0000 rw-p 00000000 00:00 0 
7f5c880c0000-7f5c880c3000 ---p 00000000 00:00 0 
7f5c880c3000-7f5c88800000 rw-p 00000000 00:00 0 
7f5c88800000-7f5c88ec0000 rw-p 00000000 00:00 0 
7f5c88ec0000-7f5c89000000 ---p 00000000 00:00 0 
7f5c89000000-7f5c89270000 rwxp 00000000 00:00 0 
7f5c89270000-7f5c98000000 ---p 00000000 00:00 0 
7f5c98000000-7f5c98375000 rw-p 00000000 00:00 0 
7f5c98375000-7f5c9c000000 ---p 00000000 00:00 0 
7f5c9c005000-7f5c9c009000 rw-p 00000000 00:00 0 
7f5c9c009000-7f5c9c00a000 rwxp 00000000 00:00 0 
7f5c9c00a000-7f5c9c00e000 r--s 00097000 08:05 6828723                    /usr/lib/jvm/jdk-8-oracle-x64/jre/lib/jsse.jar
7f5c9c00e000-7f5c9c010000 r--s 0000c000 08:06 21385986                   /home/sminaev/.m2/repository/org/json/json/20160810/json-20160810.jar
7f5c9c010000-7f5c9c011000 r--s 00009000 08:06 21385649                   /home/sminaev/.m2/repository/org/slf4j/slf4j-api/1.7.20/slf4j-api-1.7.20.jar
7f5c9c011000-7f5c9c013000 r--s 0000f000 08:06 21385447                   /home/sminaev/.m2/repository/com/squareup/okio/okio/1.6.0/okio-1.6.0.jar
7f5c9c013000-7f5c9c018000 r--s 0004a000 08:06 21385436                   /home/sminaev/.m2/repository/com/squareup/okhttp/okhttp/2.7.2/okhttp-2.7.2.jar
7f5c9c018000-7f5c9c022000 r--s 00076000 08:06 21384502                   /home/sminaev/.m2/repository/org/bitcoinj/orchid/1.2.1/orchid-1.2.1.jar
7f5c9c022000-7f5c9c024000 r--s 0000b000 08:06 21384003                   /home/sminaev/.m2/repository/com/lambdaworks/scrypt/1.4.0/scrypt-1.4.0.jar
7f5c9c024000-7f5c9c026000 r--s 00006000 08:06 21420665                   /home/sminaev/.m2/repository/com/google/code/findbugs/jsr305/2.0.1/jsr305-2.0.1.jar
7f5c9c026000-7f5c9c051000 r--s 001fc000 08:06 21380078                   /home/sminaev/.m2/repository/com/google/guava/guava/18.0/guava-18.0.jar
7f5c9c051000-7f5c9c059000 r--s 0008a000 08:06 21379394                   /home/sminaev/.m2/repository/com/google/protobuf/protobuf-java/2.6.1/protobuf-java-2.6.1.jar
7f5c9c059000-7f5c9c07e000 r--s 00219000 08:06 21379239                   /home/sminaev/.m2/repository/com/madgag/spongycastle/core/1.51.0.0/core-1.51.0.0.jar
7f5c9c07e000-7f5c9c090000 r--s 0016b000 08:06 21379045                   /home/sminaev/.m2/repository/org/bitcoinj/bitcoinj-core/0.14.4/bitcoinj-core-0.14.4.jar
7f5c9c090000-7f5c9c094000 r--s 0002f000 08:06 21389672                   /home/sminaev/.m2/repository/commons-io/commons-io/2.5/commons-io-2.5.jar
7f5c9c094000-7f5c9c09c000 r--s 0006e000 08:06 21420320                   /home/sminaev/.m2/repository/org/apache/commons/commons-lang3/3.5/commons-lang3-3.5.jar
7f5c9c09c000-7f5c9c0a0000 r--s 00107000 08:06 21420318                   /home/sminaev/.m2/repository/net/java/dev/jna/jna/4.4.0/jna-4.4.0.jar
7f5c9c0a0000-7f5c9c0a2000 r--s 00009000 08:06 21420316                   /home/sminaev/.m2/repository/org/hamcrest/hamcrest-core/1.3/hamcrest-core-1.3.jar
7f5c9c0a2000-7f5c9c0b5000 r--s 00344000 08:05 6828764                    /usr/lib/jvm/jdk-8-oracle-x64/jre/lib/resources.jar
7f5c9c0b5000-7f5c9c0c8000 r--s 000d6000 08:05 6828739                    /usr/lib/jvm/jdk-8-oracle-x64/jre/lib/plugin.jar
7f5c9c0c8000-7f5c9c218000 rw-p 00000000 00:00 0 
7f5c9c218000-7f5c9c3f1000 r--s 03d24000 08:05 6828754                    /usr/lib/jvm/jdk-8-oracle-x64/jre/lib/rt.jar
7f5c9c3f1000-7f5c9c467000 rw-p 00000000 00:00 0 
7f5c9c467000-7f5c9cc33000 rw-p 00000000 00:00 0 
7f5c9cc33000-7f5c9cc34000 ---p 00000000 00:00 0 
7f5c9cc34000-7f5c9cd34000 rw-p 00000000 00:00 0 
7f5c9cd34000-7f5c9cd35000 ---p 00000000 00:00 0 
7f5c9cd35000-7f5c9ce35000 rw-p 00000000 00:00 0 
7f5c9ce35000-7f5c9ce36000 ---p 00000000 00:00 0 
7f5c9ce36000-7f5c9cf36000 rw-p 00000000 00:00 0 
7f5c9cf36000-7f5c9cf37000 ---p 00000000 00:00 0 
7f5c9cf37000-7f5c9d037000 rw-p 00000000 00:00 0 
7f5c9d037000-7f5c9d08b000 rw-p 00000000 00:00 0 
7f5c9d08b000-7f5c9d56a000 ---p 00000000 00:00 0 
7f5c9d56a000-7f5c9d5be000 rw-p 00000000 00:00 0 
7f5c9d5be000-7f5c9da9c000 ---p 00000000 00:00 0 
7f5c9da9c000-7f5c9dac7000 rw-p 00000000 00:00 0 
7f5c9dac7000-7f5c9dd36000 ---p 00000000 00:00 0 
7f5c9dd36000-7f5c9dd41000 rw-p 00000000 00:00 0 
7f5c9dd41000-7f5c9e0f7000 ---p 00000000 00:00 0 
7f5c9e0f7000-7f5c9e111000 r-xp 00000000 08:05 6953562                    /usr/lib/jvm/jdk-8-oracle-x64/jre/lib/amd64/libzip.so
7f5c9e111000-7f5c9e311000 ---p 0001a000 08:05 6953562                    /usr/lib/jvm/jdk-8-oracle-x64/jre/lib/amd64/libzip.so
7f5c9e311000-7f5c9e312000 rw-p 0001a000 08:05 6953562                    /usr/lib/jvm/jdk-8-oracle-x64/jre/lib/amd64/libzip.so
7f5c9e312000-7f5c9e31c000 r-xp 00000000 08:05 3408982                    /lib/x86_64-linux-gnu/libnss_files-2.24.so
7f5c9e31c000-7f5c9e51c000 ---p 0000a000 08:05 3408982                    /lib/x86_64-linux-gnu/libnss_files-2.24.so
7f5c9e51c000-7f5c9e51d000 r--p 0000a000 08:05 3408982                    /lib/x86_64-linux-gnu/libnss_files-2.24.so
7f5c9e51d000-7f5c9e51e000 rw-p 0000b000 08:05 3408982                    /lib/x86_64-linux-gnu/libnss_files-2.24.so
7f5c9e51e000-7f5c9e524000 rw-p 00000000 00:00 0 
7f5c9e524000-7f5c9e52f000 r-xp 00000000 08:05 3409014                    /lib/x86_64-linux-gnu/libnss_nis-2.24.so
7f5c9e52f000-7f5c9e72e000 ---p 0000b000 08:05 3409014                    /lib/x86_64-linux-gnu/libnss_nis-2.24.so
7f5c9e72e000-7f5c9e72f000 r--p 0000a000 08:05 3409014                    /lib/x86_64-linux-gnu/libnss_nis-2.24.so
7f5c9e72f000-7f5c9e730000 rw-p 0000b000 08:05 3409014                    /lib/x86_64-linux-gnu/libnss_nis-2.24.so
7f5c9e730000-7f5c9e744000 r-xp 00000000 08:05 3408978                    /lib/x86_64-linux-gnu/libnsl-2.24.so
7f5c9e744000-7f5c9e944000 ---p 00014000 08:05 3408978                    /lib/x86_64-linux-gnu/libnsl-2.24.so
7f5c9e944000-7f5c9e945000 r--p 00014000 08:05 3408978                    /lib/x86_64-linux-gnu/libnsl-2.24.so
7f5c9e945000-7f5c9e946000 rw-p 00015000 08:05 3408978                    /lib/x86_64-linux-gnu/libnsl-2.24.so
7f5c9e946000-7f5c9e948000 rw-p 00000000 00:00 0 
7f5c9e948000-7f5c9e94f000 r-xp 00000000 08:05 3408979                    /lib/x86_64-linux-gnu/libnss_compat-2.24.so
7f5c9e94f000-7f5c9eb4e000 ---p 00007000 08:05 3408979                    /lib/x86_64-linux-gnu/libnss_compat-2.24.so
7f5c9eb4e000-7f5c9eb4f000 r--p 00006000 08:05 3408979                    /lib/x86_64-linux-gnu/libnss_compat-2.24.so
7f5c9eb4f000-7f5c9eb50000 rw-p 00007000 08:05 3408979                    /lib/x86_64-linux-gnu/libnss_compat-2.24.so
7f5c9eb50000-7f5c9eb5a000 r-xp 00000000 08:05 6953511                    /usr/lib/jvm/jdk-8-oracle-x64/jre/lib/amd64/libinstrument.so
7f5c9eb5a000-7f5c9ed59000 ---p 0000a000 08:05 6953511                    /usr/lib/jvm/jdk-8-oracle-x64/jre/lib/amd64/libinstrument.so
7f5c9ed59000-7f5c9ed5a000 rw-p 00009000 08:05 6953511                    /usr/lib/jvm/jdk-8-oracle-x64/jre/lib/amd64/libinstrument.so
7f5c9ed5a000-7f5c9ed84000 r-xp 00000000 08:05 6953558                    /usr/lib/jvm/jdk-8-oracle-x64/jre/lib/amd64/libjava.so
7f5c9ed84000-7f5c9ef84000 ---p 0002a000 08:05 6953558                    /usr/lib/jvm/jdk-8-oracle-x64/jre/lib/amd64/libjava.so
7f5c9ef84000-7f5c9ef86000 rw-p 0002a000 08:05 6953558                    /usr/lib/jvm/jdk-8-oracle-x64/jre/lib/amd64/libjava.so
7f5c9ef86000-7f5c9ef93000 r-xp 00000000 08:05 6953303                    /usr/lib/jvm/jdk-8-oracle-x64/jre/lib/amd64/libverify.so
7f5c9ef93000-7f5c9f193000 ---p 0000d000 08:05 6953303                    /usr/lib/jvm/jdk-8-oracle-x64/jre/lib/amd64/libverify.so
7f5c9f193000-7f5c9f195000 rw-p 0000d000 08:05 6953303                    /usr/lib/jvm/jdk-8-oracle-x64/jre/lib/amd64/libverify.so
7f5c9f195000-7f5c9f19c000 r-xp 00000000 08:05 3409041                    /lib/x86_64-linux-gnu/librt-2.24.so
7f5c9f19c000-7f5c9f39b000 ---p 00007000 08:05 3409041                    /lib/x86_64-linux-gnu/librt-2.24.so
7f5c9f39b000-7f5c9f39c000 r--p 00006000 08:05 3409041                    /lib/x86_64-linux-gnu/librt-2.24.so
7f5c9f39c000-7f5c9f39d000 rw-p 00007000 08:05 3409041                    /lib/x86_64-linux-gnu/librt-2.24.so
7f5c9f39d000-7f5c9f4a0000 r-xp 00000000 08:05 3408975                    /lib/x86_64-linux-gnu/libm-2.24.so
7f5c9f4a0000-7f5c9f69f000 ---p 00103000 08:05 3408975                    /lib/x86_64-linux-gnu/libm-2.24.so
7f5c9f69f000-7f5c9f6a0000 r--p 00102000 08:05 3408975                    /lib/x86_64-linux-gnu/libm-2.24.so
7f5c9f6a0000-7f5c9f6a1000 rw-p 00103000 08:05 3408975                    /lib/x86_64-linux-gnu/libm-2.24.so
7f5c9f6a1000-7f5ca0364000 r-xp 00000000 08:05 6953537                    /usr/lib/jvm/jdk-8-oracle-x64/jre/lib/amd64/server/libjvm.so
7f5ca0364000-7f5ca0563000 ---p 00cc3000 08:05 6953537                    /usr/lib/jvm/jdk-8-oracle-x64/jre/lib/amd64/server/libjvm.so
7f5ca0563000-7f5ca063c000 rw-p 00cc2000 08:05 6953537                    /usr/lib/jvm/jdk-8-oracle-x64/jre/lib/amd64/server/libjvm.so
7f5ca063c000-7f5ca0687000 rw-p 00000000 00:00 0 
7f5ca0687000-7f5ca081c000 r-xp 00000000 08:05 3408971                    /lib/x86_64-linux-gnu/libc-2.24.so
7f5ca081c000-7f5ca0a1c000 ---p 00195000 08:05 3408971                    /lib/x86_64-linux-gnu/libc-2.24.so
7f5ca0a1c000-7f5ca0a20000 r--p 00195000 08:05 3408971                    /lib/x86_64-linux-gnu/libc-2.24.so
7f5ca0a20000-7f5ca0a22000 rw-p 00199000 08:05 3408971                    /lib/x86_64-linux-gnu/libc-2.24.so
7f5ca0a22000-7f5ca0a26000 rw-p 00000000 00:00 0 
7f5ca0a26000-7f5ca0a29000 r-xp 00000000 08:05 3408974                    /lib/x86_64-linux-gnu/libdl-2.24.so
7f5ca0a29000-7f5ca0c28000 ---p 00003000 08:05 3408974                    /lib/x86_64-linux-gnu/libdl-2.24.so
7f5ca0c28000-7f5ca0c29000 r--p 00002000 08:05 3408974                    /lib/x86_64-linux-gnu/libdl-2.24.so
7f5ca0c29000-7f5ca0c2a000 rw-p 00003000 08:05 3408974                    /lib/x86_64-linux-gnu/libdl-2.24.so
7f5ca0c2a000-7f5ca0c3f000 r-xp 00000000 08:05 7221564                    /usr/lib/jvm/jdk-8-oracle-x64/lib/amd64/jli/libjli.so
7f5ca0c3f000-7f5ca0e3f000 ---p 00015000 08:05 7221564                    /usr/lib/jvm/jdk-8-oracle-x64/lib/amd64/jli/libjli.so
7f5ca0e3f000-7f5ca0e40000 rw-p 00015000 08:05 7221564                    /usr/lib/jvm/jdk-8-oracle-x64/lib/amd64/jli/libjli.so
7f5ca0e40000-7f5ca0e58000 r-xp 00000000 08:05 3409035                    /lib/x86_64-linux-gnu/libpthread-2.24.so
7f5ca0e58000-7f5ca1057000 ---p 00018000 08:05 3409035                    /lib/x86_64-linux-gnu/libpthread-2.24.so
7f5ca1057000-7f5ca1058000 r--p 00017000 08:05 3409035                    /lib/x86_64-linux-gnu/libpthread-2.24.so
7f5ca1058000-7f5ca1059000 rw-p 00018000 08:05 3409035                    /lib/x86_64-linux-gnu/libpthread-2.24.so
7f5ca1059000-7f5ca105d000 rw-p 00000000 00:00 0 
7f5ca105d000-7f5ca1080000 r-xp 00000000 08:05 3408955                    /lib/x86_64-linux-gnu/ld-2.24.so
7f5ca1080000-7f5ca1081000 r--s 00000000 08:06 21379808                   /home/sminaev/.m2/repository/net/jcip/jcip-annotations/1.0/jcip-annotations-1.0.jar
7f5ca1081000-7f5ca1089000 r--s 00045000 08:06 21420314                   /home/sminaev/.m2/repository/junit/junit/4.12/junit-4.12.jar
7f5ca1089000-7f5ca108d000 r--s 00097000 08:05 6828723                    /usr/lib/jvm/jdk-8-oracle-x64/jre/lib/jsse.jar
7f5ca108d000-7f5ca108f000 r--s 00007000 08:05 6828750                    /usr/lib/jvm/jdk-8-oracle-x64/jre/lib/jfxswt.jar
7f5ca108f000-7f5ca10aa000 r--s 00208000 08:05 6828725                    /usr/lib/jvm/jdk-8-oracle-x64/jre/lib/deploy.jar
7f5ca10aa000-7f5ca1105000 rw-p 00000000 00:00 0 
7f5ca1105000-7f5ca1153000 rw-p 00000000 00:00 0 
7f5ca1153000-7f5ca1156000 ---p 00000000 00:00 0 
7f5ca1156000-7f5ca1256000 rw-p 00000000 00:00 0 
7f5ca1256000-7f5ca1257000 r--s 00000000 08:05 6828763                    /usr/lib/jvm/jdk-8-oracle-x64/jre/lib/management-agent.jar
7f5ca1257000-7f5ca125c000 r--s 00084000 08:05 6828662                    /usr/lib/jvm/jdk-8-oracle-x64/jre/lib/jfr.jar
7f5ca125c000-7f5ca125f000 r--s 0001a000 08:05 6828760                    /usr/lib/jvm/jdk-8-oracle-x64/jre/lib/jce.jar
7f5ca125f000-7f5ca1269000 r--s 0006c000 08:05 6828690                    /usr/lib/jvm/jdk-8-oracle-x64/jre/lib/javaws.jar
7f5ca1269000-7f5ca126e000 r--s 002f9000 08:05 6828748                    /usr/lib/jvm/jdk-8-oracle-x64/jre/lib/charsets.jar
7f5ca126e000-7f5ca126f000 r--s 00007000 08:05 133489                     /opt/ideaIC-2017.1/plugins/junit/lib/junit5-rt.jar
7f5ca126f000-7f5ca1271000 r--s 00020000 08:05 133487                     /opt/ideaIC-2017.1/plugins/junit/lib/junit-rt.jar
7f5ca1271000-7f5ca1273000 r--s 0001a000 08:05 8131690                    /opt/ideaIC-2017.1/lib/idea_rt.jar
7f5ca1273000-7f5ca127b000 rw-s 00000000 08:05 4719080                    /tmp/hsperfdata_sminaev/8158
7f5ca127b000-7f5ca127c000 rw-p 00000000 00:00 0 
7f5ca127c000-7f5ca127d000 r--p 00000000 00:00 0 
7f5ca127d000-7f5ca1280000 rw-p 00000000 00:00 0 
7f5ca1280000-7f5ca1281000 r--p 00023000 08:05 3408955                    /lib/x86_64-linux-gnu/ld-2.24.so
7f5ca1281000-7f5ca1282000 rw-p 00024000 08:05 3408955                    /lib/x86_64-linux-gnu/ld-2.24.so
7f5ca1282000-7f5ca1283000 rw-p 00000000 00:00 0 
7ffe05746000-7ffe05768000 rw-p 00000000 00:00 0                          [stack]
7ffe057bd000-7ffe057bf000 r--p 00000000 00:00 0                          [vvar]
7ffe057bf000-7ffe057c1000 r-xp 00000000 00:00 0                          [vdso]
ffffffffff600000-ffffffffff601000 r-xp 00000000 00:00 0                  [vsyscall]

VM Arguments:
jvm_args: -ea -Didea.test.cyclic.buffer.size=1048576 -javaagent:/opt/ideaIC-2017.1/lib/idea_rt.jar=46585:/opt/ideaIC-2017.1/bin -Dfile.encoding=UTF-8 
java_command: com.intellij.rt.execution.junit.JUnitStarter -ideVersion5 -junit4 org.hyperledger.indy.sdk.demo.AnoncredsDemoTest,testAnoncredsWorksForRevocationProof
java_class_path (initial): /opt/ideaIC-2017.1/lib/idea_rt.jar:/opt/ideaIC-2017.1/plugins/junit/lib/junit-rt.jar:/opt/ideaIC-2017.1/plugins/junit/lib/junit5-rt.jar:/usr/lib/jvm/jdk-8-oracle-x64/jre/lib/charsets.jar:/usr/lib/jvm/jdk-8-oracle-x64/jre/lib/deploy.jar:/usr/lib/jvm/jdk-8-oracle-x64/jre/lib/ext/cldrdata.jar:/usr/lib/jvm/jdk-8-oracle-x64/jre/lib/ext/dnsns.jar:/usr/lib/jvm/jdk-8-oracle-x64/jre/lib/ext/jaccess.jar:/usr/lib/jvm/jdk-8-oracle-x64/jre/lib/ext/jfxrt.jar:/usr/lib/jvm/jdk-8-oracle-x64/jre/lib/ext/localedata.jar:/usr/lib/jvm/jdk-8-oracle-x64/jre/lib/ext/nashorn.jar:/usr/lib/jvm/jdk-8-oracle-x64/jre/lib/ext/sunec.jar:/usr/lib/jvm/jdk-8-oracle-x64/jre/lib/ext/sunjce_provider.jar:/usr/lib/jvm/jdk-8-oracle-x64/jre/lib/ext/sunpkcs11.jar:/usr/lib/jvm/jdk-8-oracle-x64/jre/lib/ext/zipfs.jar:/usr/lib/jvm/jdk-8-oracle-x64/jre/lib/javaws.jar:/usr/lib/jvm/jdk-8-oracle-x64/jre/lib/jce.jar:/usr/lib/jvm/jdk-8-oracle-x64/jre/lib/jfr.jar:/usr/lib/jvm/jdk-8-oracle-x64/jre/lib/jfxswt.jar:/usr/lib/jvm/jdk-8-oracle-x64/jre/lib/jsse.jar:/usr/lib/jvm/jdk-8-oracle-x64/jre/lib/management-agent.jar:/usr/lib/jvm/jdk-8-oracle-x64/jre/lib/plugin.jar:/usr/lib/jvm/jdk-8-oracle-x64/jre/lib/resources.jar:/usr/lib/jvm/jdk-8-oracle-x64/jre/lib/rt.jar:/home/sminaev/projects/sovrin/sovrin-client-rust/wrappers/java/target/test-classes:/home/sminaev/projects/sovrin/sovrin-client-rust/wrappers/java/target/classes:/home/sminaev/.m2/repository/junit/junit/4.12/junit-4.12.jar:/home/sminaev/.m2/repository/org/hamcrest/hamcrest-core/1.3/hamcrest-core-1.3.jar:/home/sminaev/.m2/repository/net/java/dev/jna/jna/4.4.0/jna-4.4.0.jar:/home/sminaev/.m2/repository/org/apache/commons/commons-lang3/3.5/commons-lang3-3.5.jar:/home/sminaev/.m2/repository/commons-io/commons-io/2.5/commons-io-2.5.jar:/home/sminaev/.m2/repository/org/bitcoinj/bitcoinj-core/0.14.4/bitcoinj-core-0.14.4.jar:/home/sminaev/.m2/repository/com/madgag/spongycastle/core/1.51.0.0/core-1.51.0.0.jar:/home/sminaev/.m2/repository/com/googl
Launcher Type: SUN_STANDARD

Environment Variables:
PATH=/home/sminaev/.cargo/bin:/usr/local/bin:/usr/bin:/bin:/usr/local/games:/usr/games
USERNAME=sminaev
LD_LIBRARY_PATH=/opt/ideaIC-2017.1/bin:
SHELL=/bin/bash
DISPLAY=:0

Signal Handlers:
SIGSEGV: [libjvm.so+0xabdee0], sa_mask[0]=11111111011111111101111111111110, sa_flags=SA_RESTART|SA_SIGINFO
SIGBUS: [libjvm.so+0xabdee0], sa_mask[0]=11111111011111111101111111111110, sa_flags=SA_RESTART|SA_SIGINFO
SIGFPE: [libjvm.so+0x91a580], sa_mask[0]=11111111011111111101111111111110, sa_flags=SA_RESTART|SA_SIGINFO
SIGPIPE: [libjvm.so+0x91a580], sa_mask[0]=11111111011111111101111111111110, sa_flags=SA_RESTART|SA_SIGINFO
SIGXFSZ: [libjvm.so+0x91a580], sa_mask[0]=11111111011111111101111111111110, sa_flags=SA_RESTART|SA_SIGINFO
SIGILL: [libjvm.so+0x91a580], sa_mask[0]=11111111011111111101111111111110, sa_flags=SA_RESTART|SA_SIGINFO
SIGUSR1: SIG_DFL, sa_mask[0]=00000000000000000000000000000000, sa_flags=none
SIGUSR2: [libjvm.so+0x91bbb0], sa_mask[0]=00100000000000000000000000000000, sa_flags=SA_RESTART|SA_SIGINFO
SIGHUP: [libjvm.so+0x91cfb0], sa_mask[0]=11111111011111111101111111111110, sa_flags=SA_RESTART|SA_SIGINFO
SIGINT: [libjvm.so+0x91cfb0], sa_mask[0]=11111111011111111101111111111110, sa_flags=SA_RESTART|SA_SIGINFO
SIGTERM: [libjvm.so+0x91cfb0], sa_mask[0]=11111111011111111101111111111110, sa_flags=SA_RESTART|SA_SIGINFO
SIGQUIT: [libjvm.so+0x91cfb0], sa_mask[0]=11111111011111111101111111111110, sa_flags=SA_RESTART|SA_SIGINFO


---------------  S Y S T E M  ---------------

OS:PRETTY_NAME="Debian GNU/Linux 9 (stretch)"
NAME="Debian GNU/Linux"
VERSION_ID="9"
VERSION="9 (stretch)"
ID=debian
HOME_URL="https://www.debian.org/"
SUPPORT_URL="https://www.debian.org/support"
BUG_REPORT_URL="https://bugs.debian.org/"

uname:Linux 4.9.0-6-amd64 #1 SMP Debian 4.9.82-1+deb9u3 (2018-03-02) x86_64
libc:glibc 2.24 NPTL 2.24 
rlimit: STACK 8192k, CORE 0k, NPROC 62815, NOFILE 1048576, AS infinity
load average:0.74 0.78 1.02

/proc/meminfo:
MemTotal:       16346764 kB
MemFree:         1029692 kB
MemAvailable:    8981740 kB
Buffers:         3150900 kB
Cached:          5724256 kB
SwapCached:            0 kB
Active:          9824704 kB
Inactive:        4066548 kB
Active(anon):    4948664 kB
Inactive(anon):  1772936 kB
Active(file):    4876040 kB
Inactive(file):  2293612 kB
Unevictable:        2252 kB
Mlocked:            2252 kB
SwapTotal:      16777212 kB
SwapFree:       16777212 kB
Dirty:              5080 kB
Writeback:             0 kB
AnonPages:       5012668 kB
Mapped:          1854936 kB
Shmem:           1705504 kB
Slab:            1207516 kB
SReclaimable:    1118596 kB
SUnreclaim:        88920 kB
KernelStack:       22080 kB
PageTables:        87236 kB
NFS_Unstable:          0 kB
Bounce:                0 kB
WritebackTmp:          0 kB
CommitLimit:    24950592 kB
Committed_AS:   18669844 kB
VmallocTotal:   34359738367 kB
VmallocUsed:           0 kB
VmallocChunk:          0 kB
HardwareCorrupted:     0 kB
AnonHugePages:         0 kB
ShmemHugePages:        0 kB
ShmemPmdMapped:        0 kB
HugePages_Total:       0
HugePages_Free:        0
HugePages_Rsvd:        0
HugePages_Surp:        0
Hugepagesize:       2048 kB
DirectMap4k:      323524 kB
DirectMap2M:    12169216 kB
DirectMap1G:     5242880 kB


CPU:total 4 (4 cores per cpu, 1 threads per core) family 6 model 60 stepping 3, cmov, cx8, fxsr, mmx, sse, sse2, sse3, ssse3, sse4.1, sse4.2, popcnt, avx, avx2, aes, clmul, erms, rtm, lzcnt, tsc, tscinvbit, bmi1, bmi2

/proc/cpuinfo:
processor	: 0
vendor_id	: GenuineIntel
cpu family	: 6
model		: 60
model name	: Intel(R) Core(TM) i5-4570 CPU @ 3.20GHz
stepping	: 3
microcode	: 0x12
cpu MHz		: 3235.351
cache size	: 6144 KB
physical id	: 0
siblings	: 4
core id		: 0
cpu cores	: 4
apicid		: 0
initial apicid	: 0
fpu		: yes
fpu_exception	: yes
cpuid level	: 13
wp		: yes
flags		: fpu vme de pse tsc msr pae mce cx8 apic sep mtrr pge mca cmov pat pse36 clflush dts acpi mmx fxsr sse sse2 ss ht tm pbe syscall nx pdpe1gb rdtscp lm constant_tsc arch_perfmon pebs bts rep_good nopl xtopology nonstop_tsc aperfmperf eagerfpu pni pclmulqdq dtes64 monitor ds_cpl vmx smx est tm2 ssse3 sdbg fma cx16 xtpr pdcm pcid sse4_1 sse4_2 x2apic movbe popcnt tsc_deadline_timer aes xsave avx f16c rdrand lahf_lm abm epb invpcid_single kaiser tpr_shadow vnmi flexpriority ept vpid fsgsbase tsc_adjust bmi1 hle avx2 smep bmi2 erms invpcid rtm xsaveopt dtherm ida arat pln pts
bugs		: cpu_meltdown spectre_v1 spectre_v2
bogomips	: 6385.15
clflush size	: 64
cache_alignment	: 64
address sizes	: 39 bits physical, 48 bits virtual
power management:

processor	: 1
vendor_id	: GenuineIntel
cpu family	: 6
model		: 60
model name	: Intel(R) Core(TM) i5-4570 CPU @ 3.20GHz
stepping	: 3
microcode	: 0x12
cpu MHz		: 3289.843
cache size	: 6144 KB
physical id	: 0
siblings	: 4
core id		: 1
cpu cores	: 4
apicid		: 2
initial apicid	: 2
fpu		: yes
fpu_exception	: yes
cpuid level	: 13
wp		: yes
flags		: fpu vme de pse tsc msr pae mce cx8 apic sep mtrr pge mca cmov pat pse36 clflush dts acpi mmx fxsr sse sse2 ss ht tm pbe syscall nx pdpe1gb rdtscp lm constant_tsc arch_perfmon pebs bts rep_good nopl xtopology nonstop_tsc aperfmperf eagerfpu pni pclmulqdq dtes64 monitor ds_cpl vmx smx est tm2 ssse3 sdbg fma cx16 xtpr pdcm pcid sse4_1 sse4_2 x2apic movbe popcnt tsc_deadline_timer aes xsave avx f16c rdrand lahf_lm abm epb invpcid_single kaiser tpr_shadow vnmi flexpriority ept vpid fsgsbase tsc_adjust bmi1 hle avx2 smep bmi2 erms invpcid rtm xsaveopt dtherm ida arat pln pts
bugs		: cpu_meltdown spectre_v1 spectre_v2
bogomips	: 6385.15
clflush size	: 64
cache_alignment	: 64
address sizes	: 39 bits physical, 48 bits virtual
power management:

processor	: 2
vendor_id	: GenuineIntel
cpu family	: 6
model		: 60
model name	: Intel(R) Core(TM) i5-4570 CPU @ 3.20GHz
stepping	: 3
microcode	: 0x12
cpu MHz		: 3202.734
cache size	: 6144 KB
physical id	: 0
siblings	: 4
core id		: 2
cpu cores	: 4
apicid		: 4
initial apicid	: 4
fpu		: yes
fpu_exception	: yes
cpuid level	: 13
wp		: yes
flags		: fpu vme de pse tsc msr pae mce cx8 apic sep mtrr pge mca cmov pat pse36 clflush dts acpi mmx fxsr sse sse2 ss ht tm pbe syscall nx pdpe1gb rdtscp lm constant_tsc arch_perfmon pebs bts rep_good nopl xtopology nonstop_tsc aperfmperf eagerfpu pni pclmulqdq dtes64 monitor ds_cpl vmx smx est tm2 ssse3 sdbg fma cx16 xtpr pdcm pcid sse4_1 sse4_2 x2apic movbe popcnt tsc_deadline_timer aes xsave avx f16c rdrand lahf_lm abm epb invpcid_single kaiser tpr_shadow vnmi flexpriority ept vpid fsgsbase tsc_adjust bmi1 hle avx2 smep bmi2 erms invpcid rtm xsaveopt dtherm ida arat pln pts
bugs		: cpu_meltdown spectre_v1 spectre_v2
bogomips	: 6385.15
clflush size	: 64
cache_alignment	: 64
address sizes	: 39 bits physical, 48 bits virtual
power management:

processor	: 3
vendor_id	: GenuineIntel
cpu family	: 6
model		: 60
model name	: Intel(R) Core(TM) i5-4570 CPU @ 3.20GHz
stepping	: 3
microcode	: 0x12
cpu MHz		: 3319.726
cache size	: 6144 KB
physical id	: 0
siblings	: 4
core id		: 3
cpu cores	: 4
apicid		: 6
initial apicid	: 6
fpu		: yes
fpu_exception	: yes
cpuid level	: 13
wp		: yes
flags		: fpu vme de pse tsc msr pae mce cx8 apic sep mtrr pge mca cmov pat pse36 clflush dts acpi mmx fxsr sse sse2 ss ht tm pbe syscall nx pdpe1gb rdtscp lm constant_tsc arch_perfmon pebs bts rep_good nopl xtopology nonstop_tsc aperfmperf eagerfpu pni pclmulqdq dtes64 monitor ds_cpl vmx smx est tm2 ssse3 sdbg fma cx16 xtpr pdcm pcid sse4_1 sse4_2 x2apic movbe popcnt tsc_deadline_timer aes xsave avx f16c rdrand lahf_lm abm epb invpcid_single kaiser tpr_shadow vnmi flexpriority ept vpid fsgsbase tsc_adjust bmi1 hle avx2 smep bmi2 erms invpcid rtm xsaveopt dtherm ida arat pln pts
bugs		: cpu_meltdown spectre_v1 spectre_v2
bogomips	: 6385.15
clflush size	: 64
cache_alignment	: 64
address sizes	: 39 bits physical, 48 bits virtual
power management:



Memory: 4k page, physical 16346764k(1029684k free), swap 16777212k(16777212k free)

vm_info: Java HotSpot(TM) 64-Bit Server VM (25.92-b14) for linux-amd64 JRE (1.8.0_92-b14), built on Mar 31 2016 21:08:29 by "java_re" with gcc 4.3.0 20080428 (Red Hat 4.3.0-8)

time: Tue Mar 20 11:37:56 2018
elapsed time: 20 seconds (0d 0h 0m 20s)

